{
  message: 'GET /back/interventions 200 49 - 42.171 ms\n',
  level: 'info',
  timestamp: '2020-12-15T23:00:13.200Z'
}
{
  message: 'GET /back/interventions 404 27 - 84.506 ms\n',
  level: 'info',
  timestamp: '2020-12-15T23:02:12.331Z'
}
{
  message: 'GET /back/interventions 200 2553 - 83.859 ms\n',
  level: 'info',
  timestamp: '2020-12-15T23:03:43.049Z'
}
{
  message: 'POST /front 200 49 - 55.275 ms\n',
  level: 'info',
  timestamp: '2020-12-15T23:14:03.660Z'
}
{
  message: 'POST /front 200 49 - 51.494 ms\n',
  level: 'info',
  timestamp: '2020-12-15T23:20:41.207Z'
}
